0 info it worked if it ends with ok
1 verbose cli [ 'C:\\Users\\Biplab Malakar\\node.exe',
1 verbose cli   'C:\\Users\\Biplab Malakar\\node_modules\\npm\\bin\\npm-cli.js',
1 verbose cli   'start' ]
2 info using npm@4.0.5
3 info using node@v7.4.0
4 verbose run-script [ 'prestart', 'start', 'poststart' ]
5 info lifecycle og-upload@0.0.0~prestart: og-upload@0.0.0
6 silly lifecycle og-upload@0.0.0~prestart: no script for prestart, continuing
7 info lifecycle og-upload@0.0.0~start: og-upload@0.0.0
8 verbose lifecycle og-upload@0.0.0~start: unsafe-perm in lifecycle true
9 verbose lifecycle og-upload@0.0.0~start: PATH: C:\Users\Biplab Malakar\node_modules\npm\bin\node-gyp-bin;E:\WorkFolder\og-uploader\node_modules\.bin;C:\ProgramData\Oracle\Java\javapath;C:\Program Files\Java\jdk1.8.0_51\bin;C:\Program Files (x86)\Common Files\lenovo\easyplussdk\bin;C:\Program Files (x86)\Microsoft SQL Server\100\Tools\Binn\VSShell\Common7\IDE\;C:\Program Files (x86)\Microsoft SQL Server\100\Tools\Binn\;C:\Program Files\Microsoft SQL Server\100\Tools\Binn\;C:\Program Files (x86)\Microsoft SQL Server\100\DTS\Binn\;C:\Program Files\Microsoft SQL Server\100\DTS\Binn\;C:\Program Files\Microsoft SQL Server\120\Tools\Binn\;C:\Program Files (x86)\Deskshare\My Screen Recorder Pro 4\;C:\aspectj1.8\bin;C:\Users\Biplab Malakar\;C:\Program Files\Git\cmd;C:\xampp\php;C:\ProgramData\ComposerSetup\bin;C:\Program Files (x86)\Microsoft VS Code\bin;C:\Users\Biplab Malakar\AppData\Roaming\npm;C:\Users\Biplab Malakar\AppData\Roaming\Composer\vendor\bin
10 verbose lifecycle og-upload@0.0.0~start: CWD: E:\WorkFolder\og-uploader
11 silly lifecycle og-upload@0.0.0~start: Args: [ '/d /s /c', 'node ./bin/www' ]
12 silly lifecycle og-upload@0.0.0~start: Returned: code: 3221225786  signal: null
13 info lifecycle og-upload@0.0.0~start: Failed to exec start script
14 verbose stack Error: og-upload@0.0.0 start: `node ./bin/www`
14 verbose stack Exit status 3221225786
14 verbose stack     at EventEmitter.<anonymous> (C:\Users\Biplab Malakar\node_modules\npm\lib\utils\lifecycle.js:279:16)
14 verbose stack     at emitTwo (events.js:106:13)
14 verbose stack     at EventEmitter.emit (events.js:191:7)
14 verbose stack     at ChildProcess.<anonymous> (C:\Users\Biplab Malakar\node_modules\npm\lib\utils\spawn.js:40:14)
14 verbose stack     at emitTwo (events.js:106:13)
14 verbose stack     at ChildProcess.emit (events.js:191:7)
14 verbose stack     at maybeClose (internal/child_process.js:885:16)
14 verbose stack     at Process.ChildProcess._handle.onexit (internal/child_process.js:226:5)
15 verbose pkgid og-upload@0.0.0
16 verbose cwd E:\WorkFolder\og-uploader
17 error Windows_NT 6.3.9600
18 error argv "C:\\Users\\Biplab Malakar\\node.exe" "C:\\Users\\Biplab Malakar\\node_modules\\npm\\bin\\npm-cli.js" "start"
19 error node v7.4.0
20 error npm  v4.0.5
21 error code ELIFECYCLE
22 error og-upload@0.0.0 start: `node ./bin/www`
22 error Exit status 3221225786
23 error Failed at the og-upload@0.0.0 start script 'node ./bin/www'.
23 error Make sure you have the latest version of node.js and npm installed.
23 error If you do, this is most likely a problem with the og-upload package,
23 error not with npm itself.
23 error Tell the author that this fails on your system:
23 error     node ./bin/www
23 error You can get information on how to open an issue for this project with:
23 error     npm bugs og-upload
23 error Or if that isn't available, you can get their info via:
23 error     npm owner ls og-upload
23 error There is likely additional logging output above.
24 verbose exit [ 1, true ]
